{"/home/jonathangg03/Documentos/Proyectos/social-media-frontend/src/config.js": {"path":"/home/jonathangg03/Documentos/Proyectos/social-media-frontend/src/config.js","statementMap":{"0":{"start":{"line":1,"column":27},"end":{"line":1,"column":46}}},"fnMap":{},"branchMap":{},"s":{"0":1},"f":{},"b":{},"_coverageSchema":"1a1c01bbd47fc00a2c39e90264f33305004495a9","hash":"af7d463eae89f248534ca94a54a176b056ee06d1"}
,"/home/jonathangg03/Documentos/Proyectos/social-media-frontend/src/components/EditProfileForm/index.js": {"path":"/home/jonathangg03/Documentos/Proyectos/social-media-frontend/src/components/EditProfileForm/index.js","statementMap":{"0":{"start":{"line":4,"column":21},"end":{"line":9,"column":1}},"1":{"start":{"line":18,"column":2},"end":{"line":76,"column":3}},"2":{"start":{"line":23,"column":10},"end":{"line":23,"column":29}},"3":{"start":{"line":61,"column":27},"end":{"line":61,"column":51}},"4":{"start":{"line":68,"column":27},"end":{"line":68,"column":51}}},"fnMap":{"0":{"name":"editProfileForm","decl":{"start":{"line":11,"column":24},"end":{"line":11,"column":39}},"loc":{"start":{"line":17,"column":3},"end":{"line":77,"column":1}},"line":17},"1":{"name":"(anonymous_1)","decl":{"start":{"line":22,"column":18},"end":{"line":22,"column":19}},"loc":{"start":{"line":22,"column":29},"end":{"line":24,"column":9}},"line":22},"2":{"name":"(anonymous_2)","decl":{"start":{"line":61,"column":20},"end":{"line":61,"column":21}},"loc":{"start":{"line":61,"column":27},"end":{"line":61,"column":51}},"line":61},"3":{"name":"(anonymous_3)","decl":{"start":{"line":68,"column":20},"end":{"line":68,"column":21}},"loc":{"start":{"line":68,"column":27},"end":{"line":68,"column":51}},"line":68}},"branchMap":{"0":{"loc":{"start":{"line":27,"column":20},"end":{"line":27,"column":52}},"type":"binary-expr","locations":[{"start":{"line":27,"column":20},"end":{"line":27,"column":44}},{"start":{"line":27,"column":48},"end":{"line":27,"column":52}}],"line":27},"1":{"loc":{"start":{"line":42,"column":20},"end":{"line":42,"column":50}},"type":"binary-expr","locations":[{"start":{"line":42,"column":20},"end":{"line":42,"column":42}},{"start":{"line":42,"column":46},"end":{"line":42,"column":50}}],"line":42},"2":{"loc":{"start":{"line":71,"column":9},"end":{"line":73,"column":9}},"type":"binary-expr","locations":[{"start":{"line":71,"column":9},"end":{"line":71,"column":42}},{"start":{"line":72,"column":10},"end":{"line":72,"column":79}}],"line":71}},"s":{"0":1,"1":3,"2":1,"3":1,"4":1},"f":{"0":3,"1":1,"2":1,"3":1},"b":{"0":[3,3],"1":[3,3],"2":[3,0]},"_coverageSchema":"1a1c01bbd47fc00a2c39e90264f33305004495a9","hash":"148ee5af734860e3314ecf67884e76863354ab21"}
,"/home/jonathangg03/Documentos/Proyectos/social-media-frontend/src/components/Hero/index.js": {"path":"/home/jonathangg03/Documentos/Proyectos/social-media-frontend/src/components/Hero/index.js","statementMap":{"0":{"start":{"line":18,"column":2},"end":{"line":80,"column":3}}},"fnMap":{"0":{"name":"Hero","decl":{"start":{"line":8,"column":24},"end":{"line":8,"column":28}},"loc":{"start":{"line":17,"column":3},"end":{"line":81,"column":1}},"line":17}},"branchMap":{"0":{"loc":{"start":{"line":22,"column":11},"end":{"line":24,"column":11}},"type":"binary-expr","locations":[{"start":{"line":22,"column":11},"end":{"line":22,"column":42}},{"start":{"line":23,"column":12},"end":{"line":23,"column":62}}],"line":22},"1":{"loc":{"start":{"line":25,"column":11},"end":{"line":31,"column":11}},"type":"binary-expr","locations":[{"start":{"line":25,"column":11},"end":{"line":25,"column":35}},{"start":{"line":26,"column":12},"end":{"line":30,"column":14}}],"line":25},"2":{"loc":{"start":{"line":32,"column":11},"end":{"line":38,"column":11}},"type":"binary-expr","locations":[{"start":{"line":32,"column":11},"end":{"line":32,"column":28}},{"start":{"line":32,"column":32},"end":{"line":32,"column":60}},{"start":{"line":33,"column":12},"end":{"line":37,"column":14}}],"line":32},"3":{"loc":{"start":{"line":42,"column":13},"end":{"line":44,"column":13}},"type":"binary-expr","locations":[{"start":{"line":42,"column":13},"end":{"line":42,"column":41}},{"start":{"line":43,"column":14},"end":{"line":43,"column":61}}],"line":42},"4":{"loc":{"start":{"line":45,"column":13},"end":{"line":51,"column":13}},"type":"binary-expr","locations":[{"start":{"line":45,"column":13},"end":{"line":45,"column":34}},{"start":{"line":46,"column":14},"end":{"line":50,"column":16}}],"line":45},"5":{"loc":{"start":{"line":52,"column":13},"end":{"line":54,"column":13}},"type":"binary-expr","locations":[{"start":{"line":52,"column":13},"end":{"line":52,"column":27}},{"start":{"line":52,"column":31},"end":{"line":52,"column":56}},{"start":{"line":53,"column":14},"end":{"line":53,"column":79}}],"line":52},"6":{"loc":{"start":{"line":59,"column":9},"end":{"line":75,"column":9}},"type":"binary-expr","locations":[{"start":{"line":59,"column":9},"end":{"line":59,"column":12}},{"start":{"line":60,"column":10},"end":{"line":74,"column":13}}],"line":59},"7":{"loc":{"start":{"line":65,"column":39},"end":{"line":65,"column":62}},"type":"binary-expr","locations":[{"start":{"line":65,"column":39},"end":{"line":65,"column":47}},{"start":{"line":65,"column":51},"end":{"line":65,"column":62}}],"line":65}},"s":{"0":9},"f":{"0":9},"b":{"0":[9,6],"1":[9,1],"2":[9,2,2],"3":[9,6],"4":[9,1],"5":[9,2,2],"6":[9,8],"7":[8,1]},"_coverageSchema":"1a1c01bbd47fc00a2c39e90264f33305004495a9","hash":"9a04de0f466eca660312694d12e27aa5d9c061a1"}
,"/home/jonathangg03/Documentos/Proyectos/social-media-frontend/src/components/Idea/index.js": {"path":"/home/jonathangg03/Documentos/Proyectos/social-media-frontend/src/components/Idea/index.js","statementMap":{"0":{"start":{"line":20,"column":18},"end":{"line":20,"column":34}},"1":{"start":{"line":22,"column":2},"end":{"line":69,"column":3}}},"fnMap":{"0":{"name":"Idea","decl":{"start":{"line":8,"column":24},"end":{"line":8,"column":28}},"loc":{"start":{"line":19,"column":3},"end":{"line":70,"column":1}},"line":19}},"branchMap":{"0":{"loc":{"start":{"line":26,"column":11},"end":{"line":28,"column":11}},"type":"binary-expr","locations":[{"start":{"line":26,"column":11},"end":{"line":26,"column":45}},{"start":{"line":27,"column":12},"end":{"line":27,"column":54}}],"line":26},"1":{"loc":{"start":{"line":29,"column":11},"end":{"line":35,"column":11}},"type":"binary-expr","locations":[{"start":{"line":29,"column":11},"end":{"line":29,"column":38}},{"start":{"line":30,"column":12},"end":{"line":34,"column":14}}],"line":29},"2":{"loc":{"start":{"line":36,"column":11},"end":{"line":42,"column":11}},"type":"binary-expr","locations":[{"start":{"line":36,"column":11},"end":{"line":36,"column":31}},{"start":{"line":36,"column":35},"end":{"line":36,"column":67}},{"start":{"line":37,"column":12},"end":{"line":41,"column":14}}],"line":36},"3":{"loc":{"start":{"line":45,"column":9},"end":{"line":49,"column":9}},"type":"binary-expr","locations":[{"start":{"line":45,"column":9},"end":{"line":45,"column":48}},{"start":{"line":46,"column":10},"end":{"line":48,"column":16}}],"line":45},"4":{"loc":{"start":{"line":52,"column":7},"end":{"line":56,"column":7}},"type":"binary-expr","locations":[{"start":{"line":52,"column":7},"end":{"line":52,"column":15}},{"start":{"line":53,"column":8},"end":{"line":55,"column":14}}],"line":52},"5":{"loc":{"start":{"line":59,"column":28},"end":{"line":59,"column":38}},"type":"binary-expr","locations":[{"start":{"line":59,"column":28},"end":{"line":59,"column":33}},{"start":{"line":59,"column":37},"end":{"line":59,"column":38}}],"line":59},"6":{"loc":{"start":{"line":61,"column":7},"end":{"line":67,"column":7}},"type":"binary-expr","locations":[{"start":{"line":61,"column":7},"end":{"line":61,"column":46}},{"start":{"line":62,"column":8},"end":{"line":66,"column":10}}],"line":61}},"s":{"0":4,"1":4},"f":{"0":4},"b":{"0":[4,2],"1":[4,1],"2":[4,1,1],"3":[4,0],"4":[4,0],"5":[4,4],"6":[4,0]},"_coverageSchema":"1a1c01bbd47fc00a2c39e90264f33305004495a9","hash":"313f7548a087c188cfcf9f7cdb2791a76581ab92"}
,"/home/jonathangg03/Documentos/Proyectos/social-media-frontend/src/components/IdeaMenu/index.js": {"path":"/home/jonathangg03/Documentos/Proyectos/social-media-frontend/src/components/IdeaMenu/index.js","statementMap":{"0":{"start":{"line":5,"column":19},"end":{"line":5,"column":32}},"1":{"start":{"line":7,"column":26},"end":{"line":9,"column":3}},"2":{"start":{"line":8,"column":4},"end":{"line":8,"column":33}},"3":{"start":{"line":11,"column":2},"end":{"line":20,"column":3}}},"fnMap":{"0":{"name":"IdeaMenu","decl":{"start":{"line":4,"column":24},"end":{"line":4,"column":32}},"loc":{"start":{"line":4,"column":71},"end":{"line":21,"column":1}},"line":4},"1":{"name":"(anonymous_1)","decl":{"start":{"line":7,"column":26},"end":{"line":7,"column":27}},"loc":{"start":{"line":7,"column":32},"end":{"line":9,"column":3}},"line":7}},"branchMap":{"0":{"loc":{"start":{"line":12,"column":38},"end":{"line":12,"column":61}},"type":"binary-expr","locations":[{"start":{"line":12,"column":38},"end":{"line":12,"column":46}},{"start":{"line":12,"column":50},"end":{"line":12,"column":61}}],"line":12}},"s":{"0":0,"1":0,"2":0,"3":0},"f":{"0":0,"1":0},"b":{"0":[0,0]},"_coverageSchema":"1a1c01bbd47fc00a2c39e90264f33305004495a9","hash":"7e16e3292cfd424c7765cb85b5b1dfc792b51ed7"}
,"/home/jonathangg03/Documentos/Proyectos/social-media-frontend/src/components/LikedButton/index.js": {"path":"/home/jonathangg03/Documentos/Proyectos/social-media-frontend/src/components/LikedButton/index.js","statementMap":{"0":{"start":{"line":7,"column":28},"end":{"line":7,"column":43}},"1":{"start":{"line":8,"column":36},"end":{"line":8,"column":58}},"2":{"start":{"line":10,"column":2},"end":{"line":16,"column":14}},"3":{"start":{"line":11,"column":4},"end":{"line":15,"column":5}},"4":{"start":{"line":12,"column":6},"end":{"line":12,"column":20}},"5":{"start":{"line":14,"column":6},"end":{"line":14,"column":21}},"6":{"start":{"line":18,"column":26},"end":{"line":26,"column":3}},"7":{"start":{"line":19,"column":4},"end":{"line":19,"column":38}},"8":{"start":{"line":20,"column":4},"end":{"line":24,"column":5}},"9":{"start":{"line":21,"column":6},"end":{"line":21,"column":33}},"10":{"start":{"line":23,"column":6},"end":{"line":23,"column":33}},"11":{"start":{"line":25,"column":4},"end":{"line":25,"column":20}},"12":{"start":{"line":28,"column":2},"end":{"line":38,"column":3}}},"fnMap":{"0":{"name":"LikedButton","decl":{"start":{"line":6,"column":24},"end":{"line":6,"column":35}},"loc":{"start":{"line":6,"column":63},"end":{"line":39,"column":1}},"line":6},"1":{"name":"(anonymous_1)","decl":{"start":{"line":10,"column":12},"end":{"line":10,"column":13}},"loc":{"start":{"line":10,"column":18},"end":{"line":16,"column":3}},"line":10},"2":{"name":"(anonymous_2)","decl":{"start":{"line":18,"column":26},"end":{"line":18,"column":27}},"loc":{"start":{"line":18,"column":38},"end":{"line":26,"column":3}},"line":18}},"branchMap":{"0":{"loc":{"start":{"line":11,"column":4},"end":{"line":15,"column":5}},"type":"if","locations":[{"start":{"line":11,"column":4},"end":{"line":15,"column":5}},{"start":{"line":13,"column":11},"end":{"line":15,"column":5}}],"line":11},"1":{"loc":{"start":{"line":11,"column":8},"end":{"line":11,"column":40}},"type":"binary-expr","locations":[{"start":{"line":11,"column":8},"end":{"line":11,"column":14}},{"start":{"line":11,"column":18},"end":{"line":11,"column":40}}],"line":11},"2":{"loc":{"start":{"line":20,"column":4},"end":{"line":24,"column":5}},"type":"if","locations":[{"start":{"line":20,"column":4},"end":{"line":24,"column":5}},{"start":{"line":22,"column":11},"end":{"line":24,"column":5}}],"line":20},"3":{"loc":{"start":{"line":32,"column":40},"end":{"line":32,"column":59}},"type":"cond-expr","locations":[{"start":{"line":32,"column":48},"end":{"line":32,"column":54}},{"start":{"line":32,"column":57},"end":{"line":32,"column":59}}],"line":32},"4":{"loc":{"start":{"line":34,"column":9},"end":{"line":34,"column":49}},"type":"cond-expr","locations":[{"start":{"line":34,"column":17},"end":{"line":34,"column":28}},{"start":{"line":34,"column":31},"end":{"line":34,"column":49}}],"line":34},"5":{"loc":{"start":{"line":36,"column":7},"end":{"line":36,"column":42}},"type":"binary-expr","locations":[{"start":{"line":36,"column":7},"end":{"line":36,"column":20}},{"start":{"line":36,"column":24},"end":{"line":36,"column":42}}],"line":36}},"s":{"0":4,"1":4,"2":4,"3":4,"4":0,"5":4,"6":4,"7":0,"8":0,"9":0,"10":0,"11":0,"12":4},"f":{"0":4,"1":4,"2":0},"b":{"0":[0,4],"1":[4,0],"2":[0,0],"3":[0,4],"4":[0,4],"5":[4,0]},"_coverageSchema":"1a1c01bbd47fc00a2c39e90264f33305004495a9","hash":"03dbfd957289e54f637ac594231d3e1c0ea12934"}
,"/home/jonathangg03/Documentos/Proyectos/social-media-frontend/src/hooks/useTimeAgo.js": {"path":"/home/jonathangg03/Documentos/Proyectos/social-media-frontend/src/hooks/useTimeAgo.js","statementMap":{"0":{"start":{"line":3,"column":19},"end":{"line":10,"column":1}},"1":{"start":{"line":12,"column":21},"end":{"line":22,"column":1}},"2":{"start":{"line":13,"column":14},"end":{"line":13,"column":24}},"3":{"start":{"line":14,"column":18},"end":{"line":14,"column":42}},"4":{"start":{"line":16,"column":2},"end":{"line":21,"column":3}},"5":{"start":{"line":17,"column":4},"end":{"line":20,"column":5}},"6":{"start":{"line":18,"column":20},"end":{"line":18,"column":60}},"7":{"start":{"line":19,"column":6},"end":{"line":19,"column":28}},"8":{"start":{"line":25,"column":32},"end":{"line":25,"column":71}},"9":{"start":{"line":25,"column":47},"end":{"line":25,"column":70}},"10":{"start":{"line":27,"column":2},"end":{"line":33,"column":17}},"11":{"start":{"line":28,"column":21},"end":{"line":31,"column":12}},"12":{"start":{"line":29,"column":25},"end":{"line":29,"column":48}},"13":{"start":{"line":30,"column":6},"end":{"line":30,"column":28}},"14":{"start":{"line":32,"column":4},"end":{"line":32,"column":40}},"15":{"start":{"line":32,"column":17},"end":{"line":32,"column":40}},"16":{"start":{"line":35,"column":14},"end":{"line":37,"column":4}},"17":{"start":{"line":39,"column":26},"end":{"line":39,"column":33}},"18":{"start":{"line":41,"column":2},"end":{"line":41,"column":32}}},"fnMap":{"0":{"name":"(anonymous_0)","decl":{"start":{"line":12,"column":21},"end":{"line":12,"column":22}},"loc":{"start":{"line":12,"column":36},"end":{"line":22,"column":1}},"line":12},"1":{"name":"useTimeAgo","decl":{"start":{"line":24,"column":24},"end":{"line":24,"column":34}},"loc":{"start":{"line":24,"column":46},"end":{"line":42,"column":1}},"line":24},"2":{"name":"(anonymous_2)","decl":{"start":{"line":25,"column":41},"end":{"line":25,"column":42}},"loc":{"start":{"line":25,"column":47},"end":{"line":25,"column":70}},"line":25},"3":{"name":"(anonymous_3)","decl":{"start":{"line":27,"column":12},"end":{"line":27,"column":13}},"loc":{"start":{"line":27,"column":18},"end":{"line":33,"column":3}},"line":27},"4":{"name":"(anonymous_4)","decl":{"start":{"line":28,"column":33},"end":{"line":28,"column":34}},"loc":{"start":{"line":28,"column":39},"end":{"line":31,"column":5}},"line":28},"5":{"name":"(anonymous_5)","decl":{"start":{"line":32,"column":11},"end":{"line":32,"column":12}},"loc":{"start":{"line":32,"column":17},"end":{"line":32,"column":40}},"line":32}},"branchMap":{"0":{"loc":{"start":{"line":17,"column":4},"end":{"line":20,"column":5}},"type":"if","locations":[{"start":{"line":17,"column":4},"end":{"line":20,"column":5}},{"start":{},"end":{}}],"line":17},"1":{"loc":{"start":{"line":17,"column":8},"end":{"line":17,"column":53}},"type":"binary-expr","locations":[{"start":{"line":17,"column":8},"end":{"line":17,"column":32}},{"start":{"line":17,"column":36},"end":{"line":17,"column":53}}],"line":17}},"s":{"0":1,"1":1,"2":4,"3":4,"4":4,"5":4,"6":4,"7":4,"8":4,"9":4,"10":4,"11":4,"12":0,"13":0,"14":4,"15":4,"16":4,"17":4,"18":4},"f":{"0":4,"1":4,"2":4,"3":4,"4":0,"5":4},"b":{"0":[4,0],"1":[4,0]},"_coverageSchema":"1a1c01bbd47fc00a2c39e90264f33305004495a9","hash":"f6386e013f11241655d51a422bb2632ffc8afffc"}
,"/home/jonathangg03/Documentos/Proyectos/social-media-frontend/src/services/likePost.js": {"path":"/home/jonathangg03/Documentos/Proyectos/social-media-frontend/src/services/likePost.js","statementMap":{"0":{"start":{"line":5,"column":2},"end":{"line":5,"column":67}}},"fnMap":{"0":{"name":"likePost","decl":{"start":{"line":4,"column":30},"end":{"line":4,"column":38}},"loc":{"start":{"line":4,"column":59},"end":{"line":6,"column":1}},"line":4}},"branchMap":{},"s":{"0":0},"f":{"0":0},"b":{},"_coverageSchema":"1a1c01bbd47fc00a2c39e90264f33305004495a9","hash":"aa6806d3446838784445e2dfd454e38d7f389ce6"}
}
