{"/home/jonathangg03/Documentos/Proyectos/social-media-frontend/src/components/EditProfileForm/index.js": {"path":"/home/jonathangg03/Documentos/Proyectos/social-media-frontend/src/components/EditProfileForm/index.js","statementMap":{"0":{"start":{"line":4,"column":21},"end":{"line":9,"column":1}},"1":{"start":{"line":18,"column":2},"end":{"line":76,"column":3}},"2":{"start":{"line":23,"column":10},"end":{"line":23,"column":29}},"3":{"start":{"line":61,"column":27},"end":{"line":61,"column":51}},"4":{"start":{"line":68,"column":27},"end":{"line":68,"column":51}}},"fnMap":{"0":{"name":"editProfileForm","decl":{"start":{"line":11,"column":24},"end":{"line":11,"column":39}},"loc":{"start":{"line":17,"column":3},"end":{"line":77,"column":1}},"line":17},"1":{"name":"(anonymous_1)","decl":{"start":{"line":22,"column":18},"end":{"line":22,"column":19}},"loc":{"start":{"line":22,"column":29},"end":{"line":24,"column":9}},"line":22},"2":{"name":"(anonymous_2)","decl":{"start":{"line":61,"column":20},"end":{"line":61,"column":21}},"loc":{"start":{"line":61,"column":27},"end":{"line":61,"column":51}},"line":61},"3":{"name":"(anonymous_3)","decl":{"start":{"line":68,"column":20},"end":{"line":68,"column":21}},"loc":{"start":{"line":68,"column":27},"end":{"line":68,"column":51}},"line":68}},"branchMap":{"0":{"loc":{"start":{"line":27,"column":20},"end":{"line":27,"column":52}},"type":"binary-expr","locations":[{"start":{"line":27,"column":20},"end":{"line":27,"column":44}},{"start":{"line":27,"column":48},"end":{"line":27,"column":52}}],"line":27},"1":{"loc":{"start":{"line":42,"column":20},"end":{"line":42,"column":50}},"type":"binary-expr","locations":[{"start":{"line":42,"column":20},"end":{"line":42,"column":42}},{"start":{"line":42,"column":46},"end":{"line":42,"column":50}}],"line":42},"2":{"loc":{"start":{"line":71,"column":9},"end":{"line":73,"column":9}},"type":"binary-expr","locations":[{"start":{"line":71,"column":9},"end":{"line":71,"column":42}},{"start":{"line":72,"column":10},"end":{"line":72,"column":79}}],"line":71}},"s":{"0":1,"1":3,"2":1,"3":1,"4":1},"f":{"0":3,"1":1,"2":1,"3":1},"b":{"0":[3,3],"1":[3,3],"2":[3,0]},"_coverageSchema":"1a1c01bbd47fc00a2c39e90264f33305004495a9","hash":"148ee5af734860e3314ecf67884e76863354ab21"}
}
